2021-05-26T05:57:34+00:00 CRITICAL syntax error, unexpected '?>' in C:\xampp\htdocs\project\wp-content\themes\twentytwenty-child\templates\home.php on line 34

2021-05-26T06:05:00+00:00 CRITICAL Uncaught Error: Object of class WP_User could not be converted to string in C:\xampp\htdocs\project\wp-content\themes\twentytwenty-child\templates\home.php:21
Stack trace:
#0 C:\xampp\htdocs\project\wp-includes\template-loader.php(106): include()
#1 C:\xampp\htdocs\project\wp-blog-header.php(19): require_once('C:\\xampp\\htdocs...')
#2 C:\xampp\htdocs\project\index.php(21): require('C:\\xampp\\htdocs...')
#3 {main}
  thrown in C:\xampp\htdocs\project\wp-content\themes\twentytwenty-child\templates\home.php on line 21

2021-05-26T06:07:14+00:00 CRITICAL Uncaught Error: Call to undefined function get_current_user_name() in C:\xampp\htdocs\project\wp-content\themes\twentytwenty-child\templates\home.php:21
Stack trace:
#0 C:\xampp\htdocs\project\wp-includes\template-loader.php(106): include()
#1 C:\xampp\htdocs\project\wp-blog-header.php(19): require_once('C:\\xampp\\htdocs...')
#2 C:\xampp\htdocs\project\index.php(21): require('C:\\xampp\\htdocs...')
#3 {main}
  thrown in C:\xampp\htdocs\project\wp-content\themes\twentytwenty-child\templates\home.php on line 21

2021-05-26T07:08:54+00:00 CRITICAL syntax error, unexpected ';', expecting ')' in C:\xampp\htdocs\project\wp-content\themes\twentytwenty-child\templates\home.php on line 46

2021-05-26T11:52:16+00:00 CRITICAL syntax error, unexpected '}' in C:\xampp\htdocs\project\wp-content\themes\twentytwenty-child\templates\home.php on line 43

2021-05-26T11:52:17+00:00 CRITICAL syntax error, unexpected '}' in C:\xampp\htdocs\project\wp-content\themes\twentytwenty-child\templates\home.php on line 43

2021-05-26T12:01:31+00:00 CRITICAL Uncaught Error: Cannot use object of type stdClass as array in C:\xampp\htdocs\project\wp-content\themes\twentytwenty-child\templates\home.php:44
Stack trace:
#0 C:\xampp\htdocs\project\wp-includes\template-loader.php(106): include()
#1 C:\xampp\htdocs\project\wp-blog-header.php(19): require_once('C:\\xampp\\htdocs...')
#2 C:\xampp\htdocs\project\index.php(21): require('C:\\xampp\\htdocs...')
#3 {main}
  thrown in C:\xampp\htdocs\project\wp-content\themes\twentytwenty-child\templates\home.php on line 44

2021-05-26T12:12:53+00:00 CRITICAL syntax error, unexpected '?>' in C:\xampp\htdocs\project\wp-content\themes\twentytwenty-child\templates\home.php on line 44

2021-05-26T12:12:54+00:00 CRITICAL syntax error, unexpected '?>' in C:\xampp\htdocs\project\wp-content\themes\twentytwenty-child\templates\home.php on line 44

2021-05-26T12:19:34+00:00 CRITICAL Uncaught Error: Cannot use object of type stdClass as array in C:\xampp\htdocs\project\wp-content\themes\twentytwenty-child\templates\home.php:43
Stack trace:
#0 C:\xampp\htdocs\project\wp-includes\template-loader.php(106): include()
#1 C:\xampp\htdocs\project\wp-blog-header.php(19): require_once('C:\\xampp\\htdocs...')
#2 C:\xampp\htdocs\project\index.php(21): require('C:\\xampp\\htdocs...')
#3 {main}
  thrown in C:\xampp\htdocs\project\wp-content\themes\twentytwenty-child\templates\home.php on line 43

2021-05-26T12:37:26+00:00 CRITICAL Uncaught Error: Cannot use object of type stdClass as array in C:\xampp\htdocs\project\wp-content\themes\twentytwenty-child\templates\home.php:45
Stack trace:
#0 C:\xampp\htdocs\project\wp-includes\template-loader.php(106): include()
#1 C:\xampp\htdocs\project\wp-blog-header.php(19): require_once('C:\\xampp\\htdocs...')
#2 C:\xampp\htdocs\project\index.php(21): require('C:\\xampp\\htdocs...')
#3 {main}
  thrown in C:\xampp\htdocs\project\wp-content\themes\twentytwenty-child\templates\home.php on line 45

2021-05-26T12:37:43+00:00 CRITICAL Uncaught Error: Cannot use object of type stdClass as array in C:\xampp\htdocs\project\wp-content\themes\twentytwenty-child\templates\home.php:45
Stack trace:
#0 C:\xampp\htdocs\project\wp-includes\template-loader.php(106): include()
#1 C:\xampp\htdocs\project\wp-blog-header.php(19): require_once('C:\\xampp\\htdocs...')
#2 C:\xampp\htdocs\project\index.php(21): require('C:\\xampp\\htdocs...')
#3 {main}
  thrown in C:\xampp\htdocs\project\wp-content\themes\twentytwenty-child\templates\home.php on line 45

2021-05-26T12:57:25+00:00 CRITICAL Uncaught Error: Call to undefined function alert() in C:\xampp\htdocs\project\wp-content\themes\twentytwenty-child\templates\home.php:67
Stack trace:
#0 C:\xampp\htdocs\project\wp-includes\template-loader.php(106): include()
#1 C:\xampp\htdocs\project\wp-blog-header.php(19): require_once('C:\\xampp\\htdocs...')
#2 C:\xampp\htdocs\project\index.php(21): require('C:\\xampp\\htdocs...')
#3 {main}
  thrown in C:\xampp\htdocs\project\wp-content\themes\twentytwenty-child\templates\home.php on line 67

2021-05-26T12:57:30+00:00 CRITICAL Uncaught Error: Call to undefined function alert() in C:\xampp\htdocs\project\wp-content\themes\twentytwenty-child\templates\home.php:67
Stack trace:
#0 C:\xampp\htdocs\project\wp-includes\template-loader.php(106): include()
#1 C:\xampp\htdocs\project\wp-blog-header.php(19): require_once('C:\\xampp\\htdocs...')
#2 C:\xampp\htdocs\project\index.php(21): require('C:\\xampp\\htdocs...')
#3 {main}
  thrown in C:\xampp\htdocs\project\wp-content\themes\twentytwenty-child\templates\home.php on line 67

2021-05-26T12:57:34+00:00 CRITICAL Uncaught Error: Call to undefined function alert() in C:\xampp\htdocs\project\wp-content\themes\twentytwenty-child\templates\home.php:67
Stack trace:
#0 C:\xampp\htdocs\project\wp-includes\template-loader.php(106): include()
#1 C:\xampp\htdocs\project\wp-blog-header.php(19): require_once('C:\\xampp\\htdocs...')
#2 C:\xampp\htdocs\project\index.php(21): require('C:\\xampp\\htdocs...')
#3 {main}
  thrown in C:\xampp\htdocs\project\wp-content\themes\twentytwenty-child\templates\home.php on line 67

