2021-06-18T06:39:35+00:00 CRITICAL Uncaught Error: Call to a member function getRequest() on null in C:\xampp\htdocs\project\wp-content\themes\twentytwenty-child\templates\home.php:42
Stack trace:
#0 C:\xampp\htdocs\project\wp-includes\template-loader.php(106): include()
#1 C:\xampp\htdocs\project\wp-blog-header.php(19): require_once('C:\\xampp\\htdocs...')
#2 C:\xampp\htdocs\project\index.php(21): require('C:\\xampp\\htdocs...')
#3 {main}
  thrown in C:\xampp\htdocs\project\wp-content\themes\twentytwenty-child\templates\home.php on line 42

2021-06-18T06:39:54+00:00 CRITICAL Uncaught Error: Call to a member function getRequest() on null in C:\xampp\htdocs\project\wp-content\themes\twentytwenty-child\templates\home.php:42
Stack trace:
#0 C:\xampp\htdocs\project\wp-includes\template-loader.php(106): include()
#1 C:\xampp\htdocs\project\wp-blog-header.php(19): require_once('C:\\xampp\\htdocs...')
#2 C:\xampp\htdocs\project\index.php(21): require('C:\\xampp\\htdocs...')
#3 {main}
  thrown in C:\xampp\htdocs\project\wp-content\themes\twentytwenty-child\templates\home.php on line 42

2021-06-18T06:40:51+00:00 CRITICAL Uncaught Error: Call to a member function getRequest() on null in C:\xampp\htdocs\project\wp-content\themes\twentytwenty-child\templates\home.php:42
Stack trace:
#0 C:\xampp\htdocs\project\wp-includes\template-loader.php(106): include()
#1 C:\xampp\htdocs\project\wp-blog-header.php(19): require_once('C:\\xampp\\htdocs...')
#2 C:\xampp\htdocs\project\index.php(21): require('C:\\xampp\\htdocs...')
#3 {main}
  thrown in C:\xampp\htdocs\project\wp-content\themes\twentytwenty-child\templates\home.php on line 42

2021-06-18T06:41:44+00:00 CRITICAL Uncaught Error: Call to a member function getRequest() on null in C:\xampp\htdocs\project\wp-content\themes\twentytwenty-child\templates\home.php:43
Stack trace:
#0 C:\xampp\htdocs\project\wp-includes\template-loader.php(106): include()
#1 C:\xampp\htdocs\project\wp-blog-header.php(19): require_once('C:\\xampp\\htdocs...')
#2 C:\xampp\htdocs\project\index.php(21): require('C:\\xampp\\htdocs...')
#3 {main}
  thrown in C:\xampp\htdocs\project\wp-content\themes\twentytwenty-child\templates\home.php on line 43

2021-06-18T06:43:54+00:00 CRITICAL Uncaught Error: Call to a member function getRequest() on null in C:\xampp\htdocs\project\wp-content\themes\twentytwenty-child\templates\home.php:44
Stack trace:
#0 C:\xampp\htdocs\project\wp-includes\template-loader.php(106): include()
#1 C:\xampp\htdocs\project\wp-blog-header.php(19): require_once('C:\\xampp\\htdocs...')
#2 C:\xampp\htdocs\project\index.php(21): require('C:\\xampp\\htdocs...')
#3 {main}
  thrown in C:\xampp\htdocs\project\wp-content\themes\twentytwenty-child\templates\home.php on line 44

2021-06-18T06:44:17+00:00 CRITICAL Uncaught Error: Call to a member function getRequest() on null in C:\xampp\htdocs\project\wp-content\themes\twentytwenty-child\templates\home.php:45
Stack trace:
#0 C:\xampp\htdocs\project\wp-includes\template-loader.php(106): include()
#1 C:\xampp\htdocs\project\wp-blog-header.php(19): require_once('C:\\xampp\\htdocs...')
#2 C:\xampp\htdocs\project\index.php(21): require('C:\\xampp\\htdocs...')
#3 {main}
  thrown in C:\xampp\htdocs\project\wp-content\themes\twentytwenty-child\templates\home.php on line 45

2021-06-18T06:44:58+00:00 CRITICAL Uncaught Error: Call to a member function getRequest() on null in C:\xampp\htdocs\project\wp-content\themes\twentytwenty-child\templates\home.php:46
Stack trace:
#0 C:\xampp\htdocs\project\wp-includes\template-loader.php(106): include()
#1 C:\xampp\htdocs\project\wp-blog-header.php(19): require_once('C:\\xampp\\htdocs...')
#2 C:\xampp\htdocs\project\index.php(21): require('C:\\xampp\\htdocs...')
#3 {main}
  thrown in C:\xampp\htdocs\project\wp-content\themes\twentytwenty-child\templates\home.php on line 46

