05-25-2021 @ 06:23:15 - 3.1.0 - No subscription webhooks found using API version 3. No updates needed.
05-25-2021 @ 06:23:15 - 3.1.2 upgrade complete from Subscriptions v0 while WooCommerce WC_VERSION 4.9.0 and database version 4.9.0 was active.
05-25-2021 @ 06:23:15 - Environment info:
05-25-2021 @ 06:23:15 -     WordPress Version : 5.6.4
05-25-2021 @ 06:23:15 - Active Plugins:
05-25-2021 @ 06:23:15 -     Advanced Custom Fields: Repeater Field by Elliot Condon – 2.1.0
05-25-2021 @ 06:23:15 -     Acme Demo Setup by acmethemes – 2.0.3
05-25-2021 @ 06:23:15 -     Acme Fix Images by Acme Themes – 1.0.0
05-25-2021 @ 06:23:15 -     Advanced Custom Fields by Elliot Condon – 5.9.5
05-25-2021 @ 06:23:15 -     Advanced Import by AddonsPress – 1.3.1
05-25-2021 @ 06:23:15 -     Classic Editor by WordPress Contributors – 1.6
05-25-2021 @ 06:23:15 -     Contact Form 7 by Takayuki Miyoshi – 5.4
05-25-2021 @ 06:23:15 -     Drag & Drop Contact Form by Agbonghama Collins – 1.0
05-25-2021 @ 06:23:15 -     Duplicate Page by mndpsingh287 – 4.3
05-25-2021 @ 06:23:15 -     Formidable Forms by Strategy11 – 4.09.06
05-25-2021 @ 06:23:15 -     Gutentor - Gutenberg Blocks - Page Builder for Gutenberg Editor by Gutentor – 3.0.7
05-25-2021 @ 06:23:15 -     Day Shipping Method by CS – 1.1
05-25-2021 @ 06:23:15 -     Order Limit Lite for WooCommerce by Xfinity Soft – 0.0.1
05-25-2021 @ 06:23:15 -     WooCommerce Subscriptions by WooCommerce – 3.1.2
05-25-2021 @ 06:23:15 -     WooCommerce by Automattic – 4.9.0
05-25-2021 @ 06:23:15 -     WordPress Importer by wordpressdotorg – 0.7
05-25-2021 @ 06:23:15 -     WP Mail SMTP by WPForms – 2.6.0
